Reading netlist file: "F:\code\fpga\MIC_HDMI_FINISHED\impl\gwsynthesis\top.vg"
Parsing netlist file "F:\code\fpga\MIC_HDMI_FINISHED\impl\gwsynthesis\top.vg" completed
Processing netlist completed
Reading constraint file: "F:\code\fpga\MIC_HDMI_FINISHED\src\top.cst"
Physical Constraint parsed completed
Running placement......
[10%] Placement Phase 0 completed
[20%] Placement Phase 1 completed
[30%] Placement Phase 2 completed
WARN  (TA1117) : Can't calculate clocks' relationship between: "u_clkdiv/CLKOUT.default_gen_clk" and "mem_clk"
[50%] Placement Phase 3 completed
Running routing......
[60%] Routing Phase 0 completed
[70%] Routing Phase 1 completed
[80%] Routing Phase 2 completed
WARN  (PR1014) : Generic routing resource will be used to clock signal 'gowin_add_ibuf_net_clk' by the specified constraint. And then it may lead to the excessive delay or skew
WARN  (PR1014) : Generic routing resource will be used to clock signal 'cmos_pclk_d' by the specified constraint. And then it may lead to the excessive delay or skew
[90%] Routing Phase 3 completed
Running timing analysis......
[95%] Timing analysis completed
Placement and routing completed
Bitstream generation in progress......
Bitstream generation completed
Running power analysis......
[100%] Power analysis completed
Generate file "F:\code\fpga\MIC_HDMI_FINISHED\impl\pnr\top.power.html" completed
Generate file "F:\code\fpga\MIC_HDMI_FINISHED\impl\pnr\top.pin.html" completed
Generate file "F:\code\fpga\MIC_HDMI_FINISHED\impl\pnr\top.rpt.html" completed
Generate file "F:\code\fpga\MIC_HDMI_FINISHED\impl\pnr\top.rpt.txt" completed
Generate file "F:\code\fpga\MIC_HDMI_FINISHED\impl\pnr\top.tr.html" completed
Sun Nov 20 04:37:03 2022

